{"level":"debug","BE_WEB_HOST":"http://localhost:9071","time":"2024-04-08T21:27:22+07:00","message":"Env"}
{"level":"debug","BE_BASE_URL":"/tkbai","time":"2024-04-08T21:27:22+07:00","message":"Env"}
{"level":"debug","BE_SV_JWT_KEY":"LmPZJbddZ9uXW4JE7g6N9R8ZdmDRv5vYihZJRBcOz7U=","time":"2024-04-08T21:27:22+07:00","message":"Env"}
{"level":"debug","BE_KC_URL":"http://localhost:8080","time":"2024-04-08T21:27:22+07:00","message":"Env"}
{"level":"debug","BE_KC_DOCKER_URL":"http://keycloak:8080","time":"2024-04-08T21:27:22+07:00","message":"Env"}
{"level":"debug","BE_KC_SECRET":"rK4sSxVGdIjnEKnyBFzdymlN62stQ72m","time":"2024-04-08T21:27:22+07:00","message":"Env"}
{"level":"debug","BE_KC_ID":"tkbai","time":"2024-04-08T21:27:22+07:00","message":"Env"}
{"level":"debug","BE_KC_REALM":"tkbai_dev","time":"2024-04-08T21:27:22+07:00","message":"Env"}
{"level":"debug","BE_KC_STATE":"authExt","time":"2024-04-08T21:27:22+07:00","message":"Env"}
{"level":"debug","BE_KC_LOGIN_REDIRECT_PATH":"/api/auth/loginCallback","time":"2024-04-08T21:27:22+07:00","message":"Env"}
{"level":"debug","BE_KC_LOGIN_302REDIRECT_PATH":"/admin/dash","time":"2024-04-08T21:27:22+07:00","message":"Env"}
{"level":"debug","BE_KC_LOGOUT_REDIRECT_PATH":"/api/auth/logoutCallback","time":"2024-04-08T21:27:22+07:00","message":"Env"}
{"level":"debug","BE_TKBAI_DB_URL":"root:03IZmt7eRMukIHdoZahl@tcp(mysql:3306)/tkbai","time":"2024-04-08T21:27:22+07:00","message":"Env"}
{"level":"info","fileLogging":true,"jsonLogOutput":true,"logDirectory":"log","fileName":"fellobackend.log","maxSizeMB":2,"maxBackups":0,"maxAgeInDays":0,"time":"2024-04-08T21:30:35+07:00","message":"logging configured"}
{"level":"debug","BE_SERVER_PORT":":9070","time":"2024-04-08T21:30:35+07:00","message":"Env"}
{"level":"debug","BE_API_PREFIX":"/api","time":"2024-04-08T21:30:35+07:00","message":"Env"}
{"level":"debug","BE_WEB_HOST":"http://localhost:9071","time":"2024-04-08T21:30:35+07:00","message":"Env"}
{"level":"debug","BE_BASE_URL":"/tkbai","time":"2024-04-08T21:30:35+07:00","message":"Env"}
{"level":"debug","BE_SV_JWT_KEY":"LmPZJbddZ9uXW4JE7g6N9R8ZdmDRv5vYihZJRBcOz7U=","time":"2024-04-08T21:30:35+07:00","message":"Env"}
{"level":"debug","BE_KC_URL":"http://localhost:8080","time":"2024-04-08T21:30:35+07:00","message":"Env"}
{"level":"debug","BE_KC_DOCKER_URL":"http://keycloak:8080","time":"2024-04-08T21:30:35+07:00","message":"Env"}
{"level":"debug","BE_KC_SECRET":"rK4sSxVGdIjnEKnyBFzdymlN62stQ72m","time":"2024-04-08T21:30:35+07:00","message":"Env"}
{"level":"debug","BE_KC_ID":"tkbai","time":"2024-04-08T21:30:35+07:00","message":"Env"}
{"level":"debug","BE_KC_REALM":"tkbai_dev","time":"2024-04-08T21:30:35+07:00","message":"Env"}
{"level":"debug","BE_KC_STATE":"authExt","time":"2024-04-08T21:30:35+07:00","message":"Env"}
{"level":"debug","BE_KC_LOGIN_REDIRECT_PATH":"/api/auth/loginCallback","time":"2024-04-08T21:30:35+07:00","message":"Env"}
{"level":"debug","BE_KC_LOGIN_302REDIRECT_PATH":"/admin/dash","time":"2024-04-08T21:30:35+07:00","message":"Env"}
{"level":"debug","BE_KC_LOGOUT_REDIRECT_PATH":"/api/auth/logoutCallback","time":"2024-04-08T21:30:35+07:00","message":"Env"}
{"level":"debug","BE_TKBAI_DB_URL":"root:03IZmt7eRMukIHdoZahl@tcp(mysql:3306)/tkbai","time":"2024-04-08T21:30:35+07:00","message":"Env"}
{"level":"info","fileLogging":true,"jsonLogOutput":true,"logDirectory":"log","fileName":"fellobackend.log","maxSizeMB":2,"maxBackups":0,"maxAgeInDays":0,"time":"2024-04-08T21:30:42+07:00","message":"logging configured"}
{"level":"debug","BE_SERVER_PORT":":9070","time":"2024-04-08T21:30:42+07:00","message":"Env"}
{"level":"debug","BE_API_PREFIX":"/api","time":"2024-04-08T21:30:42+07:00","message":"Env"}
{"level":"debug","BE_WEB_HOST":"http://localhost:9071","time":"2024-04-08T21:30:42+07:00","message":"Env"}
{"level":"debug","BE_BASE_URL":"/tkbai","time":"2024-04-08T21:30:42+07:00","message":"Env"}
{"level":"debug","BE_SV_JWT_KEY":"LmPZJbddZ9uXW4JE7g6N9R8ZdmDRv5vYihZJRBcOz7U=","time":"2024-04-08T21:30:42+07:00","message":"Env"}
{"level":"debug","BE_KC_URL":"http://localhost:8080","time":"2024-04-08T21:30:42+07:00","message":"Env"}
{"level":"debug","BE_KC_DOCKER_URL":"http://keycloak:8080","time":"2024-04-08T21:30:42+07:00","message":"Env"}
{"level":"debug","BE_KC_SECRET":"rK4sSxVGdIjnEKnyBFzdymlN62stQ72m","time":"2024-04-08T21:30:42+07:00","message":"Env"}
{"level":"debug","BE_KC_ID":"tkbai","time":"2024-04-08T21:30:42+07:00","message":"Env"}
{"level":"debug","BE_KC_REALM":"tkbai_dev","time":"2024-04-08T21:30:42+07:00","message":"Env"}
{"level":"debug","BE_KC_STATE":"authExt","time":"2024-04-08T21:30:42+07:00","message":"Env"}
{"level":"debug","BE_KC_LOGIN_REDIRECT_PATH":"/api/auth/loginCallback","time":"2024-04-08T21:30:42+07:00","message":"Env"}
{"level":"debug","BE_KC_LOGIN_302REDIRECT_PATH":"/admin/dash","time":"2024-04-08T21:30:42+07:00","message":"Env"}
{"level":"debug","BE_KC_LOGOUT_REDIRECT_PATH":"/api/auth/logoutCallback","time":"2024-04-08T21:30:42+07:00","message":"Env"}
{"level":"debug","BE_TKBAI_DB_URL":"root:03IZmt7eRMukIHdoZahl@tcp(mysql:3306)/tkbai","time":"2024-04-08T21:30:42+07:00","message":"Env"}
{"level":"info","fileLogging":true,"jsonLogOutput":true,"logDirectory":"log","fileName":"fellobackend.log","maxSizeMB":2,"maxBackups":0,"maxAgeInDays":0,"time":"2024-04-08T21:30:58+07:00","message":"logging configured"}
{"level":"debug","BE_SERVER_PORT":":9070","time":"2024-04-08T21:30:58+07:00","message":"Env"}
{"level":"debug","BE_API_PREFIX":"/api","time":"2024-04-08T21:30:58+07:00","message":"Env"}
{"level":"debug","BE_WEB_HOST":"http://localhost:9071","time":"2024-04-08T21:30:58+07:00","message":"Env"}
{"level":"debug","BE_BASE_URL":"/tkbai","time":"2024-04-08T21:30:58+07:00","message":"Env"}
{"level":"debug","BE_SV_JWT_KEY":"LmPZJbddZ9uXW4JE7g6N9R8ZdmDRv5vYihZJRBcOz7U=","time":"2024-04-08T21:30:58+07:00","message":"Env"}
{"level":"debug","BE_KC_URL":"http://localhost:8080","time":"2024-04-08T21:30:58+07:00","message":"Env"}
{"level":"debug","BE_KC_DOCKER_URL":"http://keycloak:8080","time":"2024-04-08T21:30:58+07:00","message":"Env"}
{"level":"debug","BE_KC_SECRET":"rK4sSxVGdIjnEKnyBFzdymlN62stQ72m","time":"2024-04-08T21:30:58+07:00","message":"Env"}
{"level":"debug","BE_KC_ID":"tkbai","time":"2024-04-08T21:30:58+07:00","message":"Env"}
{"level":"debug","BE_KC_REALM":"tkbai_dev","time":"2024-04-08T21:30:58+07:00","message":"Env"}
{"level":"debug","BE_KC_STATE":"authExt","time":"2024-04-08T21:30:58+07:00","message":"Env"}
{"level":"debug","BE_KC_LOGIN_REDIRECT_PATH":"/api/auth/loginCallback","time":"2024-04-08T21:30:58+07:00","message":"Env"}
{"level":"debug","BE_KC_LOGIN_302REDIRECT_PATH":"/admin/dash","time":"2024-04-08T21:30:58+07:00","message":"Env"}
{"level":"debug","BE_KC_LOGOUT_REDIRECT_PATH":"/api/auth/logoutCallback","time":"2024-04-08T21:30:58+07:00","message":"Env"}
{"level":"debug","BE_TKBAI_DB_URL":"root:03IZmt7eRMukIHdoZahl@tcp(mysql:3306)/tkbai","time":"2024-04-08T21:30:58+07:00","message":"Env"}
{"level":"info","fileLogging":true,"jsonLogOutput":true,"logDirectory":"log","fileName":"fellobackend.log","maxSizeMB":2,"maxBackups":0,"maxAgeInDays":0,"time":"2024-04-08T21:31:08+07:00","message":"logging configured"}
{"level":"debug","BE_SERVER_PORT":":9070","time":"2024-04-08T21:31:08+07:00","message":"Env"}
{"level":"debug","BE_API_PREFIX":"/api","time":"2024-04-08T21:31:08+07:00","message":"Env"}
{"level":"debug","BE_WEB_HOST":"http://localhost:9071","time":"2024-04-08T21:31:08+07:00","message":"Env"}
{"level":"debug","BE_BASE_URL":"/tkbai","time":"2024-04-08T21:31:08+07:00","message":"Env"}
{"level":"debug","BE_SV_JWT_KEY":"LmPZJbddZ9uXW4JE7g6N9R8ZdmDRv5vYihZJRBcOz7U=","time":"2024-04-08T21:31:08+07:00","message":"Env"}
{"level":"debug","BE_KC_URL":"http://localhost:8080","time":"2024-04-08T21:31:08+07:00","message":"Env"}
{"level":"debug","BE_KC_DOCKER_URL":"http://keycloak:8080","time":"2024-04-08T21:31:08+07:00","message":"Env"}
{"level":"debug","BE_KC_SECRET":"rK4sSxVGdIjnEKnyBFzdymlN62stQ72m","time":"2024-04-08T21:31:08+07:00","message":"Env"}
{"level":"debug","BE_KC_ID":"tkbai","time":"2024-04-08T21:31:08+07:00","message":"Env"}
{"level":"debug","BE_KC_REALM":"tkbai_dev","time":"2024-04-08T21:31:08+07:00","message":"Env"}
{"level":"debug","BE_KC_STATE":"authExt","time":"2024-04-08T21:31:08+07:00","message":"Env"}
{"level":"debug","BE_KC_LOGIN_REDIRECT_PATH":"/api/auth/loginCallback","time":"2024-04-08T21:31:08+07:00","message":"Env"}
{"level":"debug","BE_KC_LOGIN_302REDIRECT_PATH":"/admin/dash","time":"2024-04-08T21:31:08+07:00","message":"Env"}
{"level":"debug","BE_KC_LOGOUT_REDIRECT_PATH":"/api/auth/logoutCallback","time":"2024-04-08T21:31:08+07:00","message":"Env"}
{"level":"debug","BE_TKBAI_DB_URL":"root:03IZmt7eRMukIHdoZahl@tcp(mysql:3306)/tkbai","time":"2024-04-08T21:31:08+07:00","message":"Env"}
{"level":"trace","FUNC":"ViewToeflDataByIDAndName","time":"2024-04-08T21:31:34+07:00","message":"SUCCESS"}
{"level":"info","URI":"/tkbai/api/certificate/validate/id/006.M.2023/name/DINI%20FIRDA%20NOVITA%20PUTRI","METHOD":"GET","STATUS":200,"IP":"192.168.167.1","HOST":"localhost:9070","RequestID":"","time":"2024-04-08T21:31:34+07:00","message":"Request"}
{"level":"info","fileLogging":true,"jsonLogOutput":true,"logDirectory":"log","fileName":"fellobackend.log","maxSizeMB":2,"maxBackups":0,"maxAgeInDays":0,"time":"2024-04-08T21:32:10+07:00","message":"logging configured"}
{"level":"debug","BE_SERVER_PORT":":9070","time":"2024-04-08T21:32:10+07:00","message":"Env"}
{"level":"debug","BE_API_PREFIX":"/api","time":"2024-04-08T21:32:10+07:00","message":"Env"}
{"level":"debug","BE_WEB_HOST":"http://localhost:9071","time":"2024-04-08T21:32:10+07:00","message":"Env"}
{"level":"debug","BE_BASE_URL":"/tkbai","time":"2024-04-08T21:32:10+07:00","message":"Env"}
{"level":"debug","BE_SV_JWT_KEY":"LmPZJbddZ9uXW4JE7g6N9R8ZdmDRv5vYihZJRBcOz7U=","time":"2024-04-08T21:32:10+07:00","message":"Env"}
{"level":"debug","BE_KC_URL":"http://localhost:8080","time":"2024-04-08T21:32:10+07:00","message":"Env"}
{"level":"debug","BE_KC_DOCKER_URL":"http://keycloak:8080","time":"2024-04-08T21:32:10+07:00","message":"Env"}
{"level":"debug","BE_KC_SECRET":"rK4sSxVGdIjnEKnyBFzdymlN62stQ72m","time":"2024-04-08T21:32:10+07:00","message":"Env"}
{"level":"debug","BE_KC_ID":"tkbai","time":"2024-04-08T21:32:10+07:00","message":"Env"}
{"level":"debug","BE_KC_REALM":"tkbai_dev","time":"2024-04-08T21:32:10+07:00","message":"Env"}
{"level":"debug","BE_KC_STATE":"authExt","time":"2024-04-08T21:32:10+07:00","message":"Env"}
{"level":"debug","BE_KC_LOGIN_REDIRECT_PATH":"/api/auth/loginCallback","time":"2024-04-08T21:32:10+07:00","message":"Env"}
{"level":"debug","BE_KC_LOGIN_302REDIRECT_PATH":"/admin/dash","time":"2024-04-08T21:32:10+07:00","message":"Env"}
{"level":"debug","BE_KC_LOGOUT_REDIRECT_PATH":"/api/auth/logoutCallback","time":"2024-04-08T21:32:10+07:00","message":"Env"}
{"level":"debug","BE_TKBAI_DB_URL":"root:03IZmt7eRMukIHdoZahl@tcp(mysql:3306)/tkbai","time":"2024-04-08T21:32:10+07:00","message":"Env"}
{"level":"trace","FUNC":"ViewToeflDataByIDAndName","time":"2024-04-08T21:32:11+07:00","message":"SUCCESS"}
{"level":"info","URI":"/tkbai/api/certificate/validate/id/006.M.2023/name/DINI%20FIRDA%20NOVITA%20PUTRI","METHOD":"GET","STATUS":200,"IP":"192.168.167.1","HOST":"localhost:9070","RequestID":"","time":"2024-04-08T21:32:11+07:00","message":"Request"}
{"level":"error","error":"not found","time":"2024-04-08T21:32:21+07:00","message":"Test ID 006.M.2023 not found"}
{"level":"error","URI":"/tkbai/api/certificate/validate/id/006.M.2023/name/DINI%20FIRDA%20NOVITA%20PUTR","METHOD":"GET","STATUS":404,"IP":"192.168.167.1","HOST":"localhost:9070","RequestID":"","error":"code=404, message=Not Found","time":"2024-04-08T21:32:21+07:00"}
{"level":"debug","time":"2024-04-08T21:32:21+07:00","message":"code=404, message=Not Found"}
{"level":"trace","FUNC":"ViewToeflDataByIDAndName","time":"2024-04-08T21:32:24+07:00","message":"SUCCESS"}
{"level":"info","URI":"/tkbai/api/certificate/validate/id/006.M.2023/name/DINI%20FIRDA%20NOVITA%20PUTRI","METHOD":"GET","STATUS":200,"IP":"192.168.167.1","HOST":"localhost:9070","RequestID":"","time":"2024-04-08T21:32:24+07:00","message":"Request"}
{"level":"info","fileLogging":true,"jsonLogOutput":true,"logDirectory":"log","fileName":"fellobackend.log","maxSizeMB":2,"maxBackups":0,"maxAgeInDays":0,"time":"2024-04-08T21:34:21+07:00","message":"logging configured"}
{"level":"debug","BE_SERVER_PORT":":9070","time":"2024-04-08T21:34:21+07:00","message":"Env"}
{"level":"debug","BE_API_PREFIX":"/api","time":"2024-04-08T21:34:21+07:00","message":"Env"}
{"level":"debug","BE_WEB_HOST":"http://localhost:9071","time":"2024-04-08T21:34:21+07:00","message":"Env"}
{"level":"debug","BE_BASE_URL":"/tkbai","time":"2024-04-08T21:34:21+07:00","message":"Env"}
{"level":"debug","BE_SV_JWT_KEY":"LmPZJbddZ9uXW4JE7g6N9R8ZdmDRv5vYihZJRBcOz7U=","time":"2024-04-08T21:34:21+07:00","message":"Env"}
{"level":"debug","BE_KC_URL":"http://localhost:8080","time":"2024-04-08T21:34:21+07:00","message":"Env"}
{"level":"debug","BE_KC_DOCKER_URL":"http://keycloak:8080","time":"2024-04-08T21:34:21+07:00","message":"Env"}
{"level":"debug","BE_KC_SECRET":"rK4sSxVGdIjnEKnyBFzdymlN62stQ72m","time":"2024-04-08T21:34:21+07:00","message":"Env"}
{"level":"debug","BE_KC_ID":"tkbai","time":"2024-04-08T21:34:21+07:00","message":"Env"}
{"level":"debug","BE_KC_REALM":"tkbai_dev","time":"2024-04-08T21:34:21+07:00","message":"Env"}
{"level":"debug","BE_KC_STATE":"authExt","time":"2024-04-08T21:34:21+07:00","message":"Env"}
{"level":"debug","BE_KC_LOGIN_REDIRECT_PATH":"/api/auth/loginCallback","time":"2024-04-08T21:34:21+07:00","message":"Env"}
{"level":"debug","BE_KC_LOGIN_302REDIRECT_PATH":"/admin/dash","time":"2024-04-08T21:34:21+07:00","message":"Env"}
{"level":"debug","BE_KC_LOGOUT_REDIRECT_PATH":"/api/auth/logoutCallback","time":"2024-04-08T21:34:21+07:00","message":"Env"}
{"level":"debug","BE_TKBAI_DB_URL":"root:03IZmt7eRMukIHdoZahl@tcp(mysql:3306)/tkbai","time":"2024-04-08T21:34:21+07:00","message":"Env"}
{"level":"trace","FUNC":"ViewToeflDataByIDAndName","time":"2024-04-08T21:41:00+07:00","message":"SUCCESS"}
{"level":"info","URI":"/tkbai/api/certificate/validate/id/006.M.2023/name/DINI%20FIRDA%20NOVITA%20PUTRI","METHOD":"GET","STATUS":200,"IP":"192.168.167.1","HOST":"localhost:9070","RequestID":"","time":"2024-04-08T21:41:00+07:00","message":"Request"}
{"level":"info","fileLogging":true,"jsonLogOutput":true,"logDirectory":"log","fileName":"fellobackend.log","maxSizeMB":2,"maxBackups":0,"maxAgeInDays":0,"time":"2024-04-08T21:43:33+07:00","message":"logging configured"}
{"level":"debug","BE_SERVER_PORT":":9070","time":"2024-04-08T21:43:33+07:00","message":"Env"}
{"level":"debug","BE_API_PREFIX":"/api","time":"2024-04-08T21:43:33+07:00","message":"Env"}
{"level":"debug","BE_WEB_HOST":"http://localhost:9071","time":"2024-04-08T21:43:33+07:00","message":"Env"}
{"level":"debug","BE_BASE_URL":"/tkbai","time":"2024-04-08T21:43:33+07:00","message":"Env"}
{"level":"debug","BE_SV_JWT_KEY":"LmPZJbddZ9uXW4JE7g6N9R8ZdmDRv5vYihZJRBcOz7U=","time":"2024-04-08T21:43:33+07:00","message":"Env"}
{"level":"debug","BE_KC_URL":"http://localhost:8080","time":"2024-04-08T21:43:33+07:00","message":"Env"}
{"level":"debug","BE_KC_DOCKER_URL":"http://keycloak:8080","time":"2024-04-08T21:43:33+07:00","message":"Env"}
{"level":"debug","BE_KC_SECRET":"rK4sSxVGdIjnEKnyBFzdymlN62stQ72m","time":"2024-04-08T21:43:33+07:00","message":"Env"}
{"level":"debug","BE_KC_ID":"tkbai","time":"2024-04-08T21:43:33+07:00","message":"Env"}
{"level":"debug","BE_KC_REALM":"tkbai_dev","time":"2024-04-08T21:43:33+07:00","message":"Env"}
{"level":"debug","BE_KC_STATE":"authExt","time":"2024-04-08T21:43:33+07:00","message":"Env"}
{"level":"debug","BE_KC_LOGIN_REDIRECT_PATH":"/api/auth/loginCallback","time":"2024-04-08T21:43:33+07:00","message":"Env"}
{"level":"debug","BE_KC_LOGIN_302REDIRECT_PATH":"/admin/dash","time":"2024-04-08T21:43:33+07:00","message":"Env"}
{"level":"debug","BE_KC_LOGOUT_REDIRECT_PATH":"/api/auth/logoutCallback","time":"2024-04-08T21:43:33+07:00","message":"Env"}
{"level":"debug","BE_TKBAI_DB_URL":"root:03IZmt7eRMukIHdoZahl@tcp(mysql:3306)/tkbai","time":"2024-04-08T21:43:33+07:00","message":"Env"}
{"level":"info","fileLogging":true,"jsonLogOutput":true,"logDirectory":"log","fileName":"fellobackend.log","maxSizeMB":2,"maxBackups":0,"maxAgeInDays":0,"time":"2024-04-08T21:43:51+07:00","message":"logging configured"}
{"level":"debug","BE_SERVER_PORT":":9070","time":"2024-04-08T21:43:51+07:00","message":"Env"}
{"level":"debug","BE_API_PREFIX":"/api","time":"2024-04-08T21:43:51+07:00","message":"Env"}
{"level":"debug","BE_WEB_HOST":"http://localhost:9071","time":"2024-04-08T21:43:51+07:00","message":"Env"}
{"level":"debug","BE_BASE_URL":"/tkbai","time":"2024-04-08T21:43:51+07:00","message":"Env"}
{"level":"debug","BE_SV_JWT_KEY":"LmPZJbddZ9uXW4JE7g6N9R8ZdmDRv5vYihZJRBcOz7U=","time":"2024-04-08T21:43:51+07:00","message":"Env"}
{"level":"debug","BE_KC_URL":"http://localhost:8080","time":"2024-04-08T21:43:51+07:00","message":"Env"}
{"level":"debug","BE_KC_DOCKER_URL":"http://keycloak:8080","time":"2024-04-08T21:43:51+07:00","message":"Env"}
{"level":"debug","BE_KC_SECRET":"rK4sSxVGdIjnEKnyBFzdymlN62stQ72m","time":"2024-04-08T21:43:51+07:00","message":"Env"}
{"level":"debug","BE_KC_ID":"tkbai","time":"2024-04-08T21:43:51+07:00","message":"Env"}
{"level":"debug","BE_KC_REALM":"tkbai_dev","time":"2024-04-08T21:43:51+07:00","message":"Env"}
{"level":"debug","BE_KC_STATE":"authExt","time":"2024-04-08T21:43:51+07:00","message":"Env"}
{"level":"debug","BE_KC_LOGIN_REDIRECT_PATH":"/api/auth/loginCallback","time":"2024-04-08T21:43:51+07:00","message":"Env"}
{"level":"debug","BE_KC_LOGIN_302REDIRECT_PATH":"/admin/dash","time":"2024-04-08T21:43:51+07:00","message":"Env"}
{"level":"debug","BE_KC_LOGOUT_REDIRECT_PATH":"/api/auth/logoutCallback","time":"2024-04-08T21:43:51+07:00","message":"Env"}
{"level":"debug","BE_TKBAI_DB_URL":"root:03IZmt7eRMukIHdoZahl@tcp(mysql:3306)/tkbai","time":"2024-04-08T21:43:51+07:00","message":"Env"}
{"level":"info","fileLogging":true,"jsonLogOutput":true,"logDirectory":"log","fileName":"fellobackend.log","maxSizeMB":2,"maxBackups":0,"maxAgeInDays":0,"time":"2024-04-08T21:43:57+07:00","message":"logging configured"}
{"level":"debug","BE_SERVER_PORT":":9070","time":"2024-04-08T21:43:57+07:00","message":"Env"}
{"level":"debug","BE_API_PREFIX":"/api","time":"2024-04-08T21:43:57+07:00","message":"Env"}
{"level":"debug","BE_WEB_HOST":"http://localhost:9071","time":"2024-04-08T21:43:57+07:00","message":"Env"}
{"level":"debug","BE_BASE_URL":"/tkbai","time":"2024-04-08T21:43:57+07:00","message":"Env"}
{"level":"debug","BE_SV_JWT_KEY":"LmPZJbddZ9uXW4JE7g6N9R8ZdmDRv5vYihZJRBcOz7U=","time":"2024-04-08T21:43:57+07:00","message":"Env"}
{"level":"debug","BE_KC_URL":"http://localhost:8080","time":"2024-04-08T21:43:57+07:00","message":"Env"}
{"level":"debug","BE_KC_DOCKER_URL":"http://keycloak:8080","time":"2024-04-08T21:43:57+07:00","message":"Env"}
{"level":"debug","BE_KC_SECRET":"rK4sSxVGdIjnEKnyBFzdymlN62stQ72m","time":"2024-04-08T21:43:57+07:00","message":"Env"}
{"level":"debug","BE_KC_ID":"tkbai","time":"2024-04-08T21:43:57+07:00","message":"Env"}
{"level":"debug","BE_KC_REALM":"tkbai_dev","time":"2024-04-08T21:43:57+07:00","message":"Env"}
{"level":"debug","BE_KC_STATE":"authExt","time":"2024-04-08T21:43:57+07:00","message":"Env"}
{"level":"debug","BE_KC_LOGIN_REDIRECT_PATH":"/api/auth/loginCallback","time":"2024-04-08T21:43:57+07:00","message":"Env"}
{"level":"debug","BE_KC_LOGIN_302REDIRECT_PATH":"/admin/dash","time":"2024-04-08T21:43:57+07:00","message":"Env"}
{"level":"debug","BE_KC_LOGOUT_REDIRECT_PATH":"/api/auth/logoutCallback","time":"2024-04-08T21:43:57+07:00","message":"Env"}
{"level":"debug","BE_TKBAI_DB_URL":"root:03IZmt7eRMukIHdoZahl@tcp(mysql:3306)/tkbai","time":"2024-04-08T21:43:57+07:00","message":"Env"}
{"level":"info","fileLogging":true,"jsonLogOutput":true,"logDirectory":"log","fileName":"fellobackend.log","maxSizeMB":2,"maxBackups":0,"maxAgeInDays":0,"time":"2024-04-08T21:44:28+07:00","message":"logging configured"}
{"level":"debug","BE_SERVER_PORT":":9070","time":"2024-04-08T21:44:28+07:00","message":"Env"}
{"level":"debug","BE_API_PREFIX":"/api","time":"2024-04-08T21:44:28+07:00","message":"Env"}
{"level":"debug","BE_WEB_HOST":"http://localhost:9071","time":"2024-04-08T21:44:28+07:00","message":"Env"}
{"level":"debug","BE_BASE_URL":"/tkbai","time":"2024-04-08T21:44:28+07:00","message":"Env"}
{"level":"debug","BE_SV_JWT_KEY":"LmPZJbddZ9uXW4JE7g6N9R8ZdmDRv5vYihZJRBcOz7U=","time":"2024-04-08T21:44:28+07:00","message":"Env"}
{"level":"debug","BE_KC_URL":"http://localhost:8080","time":"2024-04-08T21:44:28+07:00","message":"Env"}
{"level":"debug","BE_KC_DOCKER_URL":"http://keycloak:8080","time":"2024-04-08T21:44:28+07:00","message":"Env"}
{"level":"debug","BE_KC_SECRET":"rK4sSxVGdIjnEKnyBFzdymlN62stQ72m","time":"2024-04-08T21:44:28+07:00","message":"Env"}
{"level":"debug","BE_KC_ID":"tkbai","time":"2024-04-08T21:44:28+07:00","message":"Env"}
{"level":"debug","BE_KC_REALM":"tkbai_dev","time":"2024-04-08T21:44:28+07:00","message":"Env"}
{"level":"debug","BE_KC_STATE":"authExt","time":"2024-04-08T21:44:28+07:00","message":"Env"}
{"level":"debug","BE_KC_LOGIN_REDIRECT_PATH":"/api/auth/loginCallback","time":"2024-04-08T21:44:28+07:00","message":"Env"}
{"level":"debug","BE_KC_LOGIN_302REDIRECT_PATH":"/admin/dash","time":"2024-04-08T21:44:28+07:00","message":"Env"}
{"level":"debug","BE_KC_LOGOUT_REDIRECT_PATH":"/api/auth/logoutCallback","time":"2024-04-08T21:44:28+07:00","message":"Env"}
{"level":"debug","BE_TKBAI_DB_URL":"root:03IZmt7eRMukIHdoZahl@tcp(mysql:3306)/tkbai","time":"2024-04-08T21:44:28+07:00","message":"Env"}
{"level":"info","fileLogging":true,"jsonLogOutput":true,"logDirectory":"log","fileName":"fellobackend.log","maxSizeMB":2,"maxBackups":0,"maxAgeInDays":0,"time":"2024-04-08T21:44:55+07:00","message":"logging configured"}
{"level":"debug","BE_SERVER_PORT":":9070","time":"2024-04-08T21:44:55+07:00","message":"Env"}
{"level":"debug","BE_API_PREFIX":"/api","time":"2024-04-08T21:44:55+07:00","message":"Env"}
{"level":"debug","BE_WEB_HOST":"http://localhost:9071","time":"2024-04-08T21:44:55+07:00","message":"Env"}
{"level":"debug","BE_BASE_URL":"/tkbai","time":"2024-04-08T21:44:55+07:00","message":"Env"}
{"level":"debug","BE_SV_JWT_KEY":"LmPZJbddZ9uXW4JE7g6N9R8ZdmDRv5vYihZJRBcOz7U=","time":"2024-04-08T21:44:55+07:00","message":"Env"}
{"level":"debug","BE_KC_URL":"http://localhost:8080","time":"2024-04-08T21:44:55+07:00","message":"Env"}
{"level":"debug","BE_KC_DOCKER_URL":"http://keycloak:8080","time":"2024-04-08T21:44:55+07:00","message":"Env"}
{"level":"debug","BE_KC_SECRET":"rK4sSxVGdIjnEKnyBFzdymlN62stQ72m","time":"2024-04-08T21:44:55+07:00","message":"Env"}
{"level":"debug","BE_KC_ID":"tkbai","time":"2024-04-08T21:44:55+07:00","message":"Env"}
{"level":"debug","BE_KC_REALM":"tkbai_dev","time":"2024-04-08T21:44:55+07:00","message":"Env"}
{"level":"debug","BE_KC_STATE":"authExt","time":"2024-04-08T21:44:55+07:00","message":"Env"}
{"level":"debug","BE_KC_LOGIN_REDIRECT_PATH":"/api/auth/loginCallback","time":"2024-04-08T21:44:55+07:00","message":"Env"}
{"level":"debug","BE_KC_LOGIN_302REDIRECT_PATH":"/admin/dash","time":"2024-04-08T21:44:55+07:00","message":"Env"}
{"level":"debug","BE_KC_LOGOUT_REDIRECT_PATH":"/api/auth/logoutCallback","time":"2024-04-08T21:44:55+07:00","message":"Env"}
{"level":"debug","BE_TKBAI_DB_URL":"root:03IZmt7eRMukIHdoZahl@tcp(mysql:3306)/tkbai","time":"2024-04-08T21:44:55+07:00","message":"Env"}
